<?xml version="1.0" encoding="UTF-8"?>
<!-- Generated by org.testng.reporters.JUnitReportReporter -->
<testsuite skipped="0" hostname="DESKTOP-2VC9EF1" name="practicetestng.DataProviderAnnotation1" tests="2" failures="0" timestamp="2022-12-14T16:15:23 IST" time="0.008" errors="0">
  <testcase name="method1" time="0.000" classname="practicetestng.DataProviderAnnotation1"/>
  <system-out/>
  <testcase name="method1" time="0.008" classname="practicetestng.DataProviderAnnotation1"/>
  <system-out/>
</testsuite> <!-- practicetestng.DataProviderAnnotation1 -->
