<?xml version="1.0" encoding="UTF-8"?>
<!-- Generated by org.testng.reporters.JUnitReportReporter -->
<testsuite skipped="0" hostname="DESKTOP-2VC9EF1" name="testng.ParalellExecutionOfTestMethods2" tests="2" failures="0" timestamp="2022-11-13T23:52:13 IST" time="0.023" errors="0">
  <testcase name="method4" time="0.011" classname="testng.ParalellExecutionOfTestMethods2"/>
  <system-out/>
  <testcase name="method3" time="0.012" classname="testng.ParalellExecutionOfTestMethods2"/>
  <system-out/>
</testsuite> <!-- testng.ParalellExecutionOfTestMethods2 -->
