<?xml version="1.0" encoding="UTF-8"?>
<!-- Generated by org.testng.reporters.JUnitReportReporter -->
<testsuite skipped="0" hostname="DESKTOP-2VC9EF1" name="practicetestng.TimeOutAttribute" tests="1" failures="0" timestamp="2022-12-11T19:33:08 IST" time="11.654" errors="0">
  <testcase name="method2" time="11.654" classname="practicetestng.TimeOutAttribute"/>
  <system-out/>
</testsuite> <!-- practicetestng.TimeOutAttribute -->
