<?xml version="1.0" encoding="UTF-8"?>
<!-- Generated by org.testng.reporters.JUnitReportReporter -->
<testsuite skipped="0" hostname="DESKTOP-2VC9EF1" name="testng.OptionalAnnotation" tests="1" failures="0" timestamp="2022-11-14T00:28:41 IST" time="0.021" errors="0">
  <testcase name="method" time="0.021" classname="testng.OptionalAnnotation"/>
  <system-out/>
</testsuite> <!-- testng.OptionalAnnotation -->
