<?xml version="1.0" encoding="UTF-8"?>
<!-- Generated by org.testng.reporters.JUnitReportReporter -->
<testsuite skipped="0" hostname="DESKTOP-2VC9EF1" name="testng.TestDataProviderClass" tests="3" failures="0" timestamp="2022-11-08T20:32:50 IST" time="0.019" errors="0">
  <testcase name="testmethod3" time="0.015" classname="testng.TestDataProviderClass"/>
  <system-out/>
  <testcase name="testmethod3" time="0.002" classname="testng.TestDataProviderClass"/>
  <system-out/>
  <testcase name="testmethod3" time="0.002" classname="testng.TestDataProviderClass"/>
  <system-out/>
</testsuite> <!-- testng.TestDataProviderClass -->
