<?xml version="1.0" encoding="UTF-8"?>
<!-- Generated by org.testng.reporters.JUnitReportReporter -->
<testsuite skipped="0" hostname="DESKTOP-2VC9EF1" name="testng.FactoryClass2" tests="2" failures="0" timestamp="2022-11-12T20:39:35 IST" time="0.011" errors="0">
  <testcase name="method4" time="0.001" classname="testng.FactoryClass2"/>
  <system-out/>
  <testcase name="method3" time="0.010" classname="testng.FactoryClass2"/>
  <system-out/>
</testsuite> <!-- testng.FactoryClass2 -->
