<?xml version="1.0" encoding="UTF-8"?>
<!-- Generated by org.testng.reporters.JUnitReportReporter -->
<testsuite skipped="0" hostname="DESKTOP-2VC9EF1" name="practicetestng.DataProviderExcelSheet" tests="3" failures="0" timestamp="2022-12-16T08:48:40 IST" time="0.010" errors="0">
  <testcase name="method" time="0.001" classname="practicetestng.DataProviderExcelSheet"/>
  <system-out/>
  <testcase name="method" time="0.008" classname="practicetestng.DataProviderExcelSheet"/>
  <system-out/>
  <testcase name="method" time="0.001" classname="practicetestng.DataProviderExcelSheet"/>
  <system-out/>
</testsuite> <!-- practicetestng.DataProviderExcelSheet -->
