<?xml version="1.0" encoding="UTF-8"?>
<!-- Generated by org.testng.reporters.JUnitReportReporter -->
<testsuite skipped="0" hostname="DESKTOP-2VC9EF1" name="testng.Provider" tests="3" failures="0" timestamp="2022-11-07T20:38:28 IST" time="0.009" errors="0">
  <testcase name="method2" time="0.000" classname="testng.Provider"/>
  <system-out/>
  <testcase name="method2" time="0.007" classname="testng.Provider"/>
  <system-out/>
  <testcase name="method2" time="0.002" classname="testng.Provider"/>
  <system-out/>
</testsuite> <!-- testng.Provider -->
