<?xml version="1.0" encoding="UTF-8"?>
<!-- Generated by org.testng.reporters.JUnitReportReporter -->
<testsuite skipped="0" hostname="DESKTOP-2VC9EF1" name="practicetestng.DataProviderToDifferentMethods" tests="7" failures="0" timestamp="2022-12-15T09:22:25 IST" time="0.026" errors="0">
  <testcase name="testmethod1" time="0.003" classname="practicetestng.DataProviderToDifferentMethods"/>
  <system-out/>
  <testcase name="testmethod1" time="0.002" classname="practicetestng.DataProviderToDifferentMethods"/>
  <system-out/>
  <testcase name="testmethod1" time="0.007" classname="practicetestng.DataProviderToDifferentMethods"/>
  <system-out/>
  <testcase name="testmethod2" time="0.002" classname="practicetestng.DataProviderToDifferentMethods"/>
  <system-out/>
  <testcase name="testmethod2" time="0.002" classname="practicetestng.DataProviderToDifferentMethods"/>
  <system-out/>
  <testcase name="testmethod3" time="0.002" classname="practicetestng.DataProviderToDifferentMethods"/>
  <system-out/>
  <testcase name="testmethod3" time="0.008" classname="practicetestng.DataProviderToDifferentMethods"/>
  <system-out/>
</testsuite> <!-- practicetestng.DataProviderToDifferentMethods -->
