<?xml version="1.0" encoding="UTF-8"?>
<!-- Generated by org.testng.reporters.JUnitReportReporter -->
<testsuite skipped="0" hostname="DESKTOP-2VC9EF1" name="practicetestng.ExpectedException" tests="1" failures="0" timestamp="2022-12-11T19:37:31 IST" time="1.028" errors="0">
  <testcase name="method3" time="1.028" classname="practicetestng.ExpectedException"/>
  <system-out/>
</testsuite> <!-- practicetestng.ExpectedException -->
