<?xml version="1.0" encoding="UTF-8"?>
<!-- Generated by org.testng.reporters.JUnitReportReporter -->
<testsuite skipped="0" hostname="DESKTOP-2VC9EF1" name="testng.DataProviderAnnotation" tests="3" failures="0" timestamp="2022-12-14T15:46:08 IST" time="0.010" errors="0">
  <testcase name="method1" time="0.001" classname="testng.DataProviderAnnotation"/>
  <system-out/>
  <testcase name="method1" time="0.002" classname="testng.DataProviderAnnotation"/>
  <system-out/>
  <testcase name="method1" time="0.007" classname="testng.DataProviderAnnotation"/>
  <system-out/>
</testsuite> <!-- testng.DataProviderAnnotation -->
