<?xml version="1.0" encoding="UTF-8"?>
<!-- Generated by org.testng.reporters.JUnitReportReporter -->
<testsuite skipped="0" hostname="DESKTOP-2VC9EF1" name="testng.DatafromTextFile" tests="3" failures="0" timestamp="2022-11-12T15:39:24 IST" time="0.012" errors="0">
  <testcase name="method2" time="0.002" classname="testng.DatafromTextFile"/>
  <system-out/>
  <testcase name="method2" time="0.001" classname="testng.DatafromTextFile"/>
  <system-out/>
  <testcase name="method2" time="0.009" classname="testng.DatafromTextFile"/>
  <system-out/>
</testsuite> <!-- testng.DatafromTextFile -->
