<?xml version="1.0" encoding="UTF-8"?>
<!-- Generated by org.testng.reporters.JUnitReportReporter -->
<testsuite skipped="0" hostname="DESKTOP-2VC9EF1" name="testng.FactoryClass" tests="2" failures="0" timestamp="2022-11-28T12:29:05 IST" time="0.011" errors="0">
  <testcase name="method2" time="0.010" classname="testng.FactoryClass"/>
  <system-out/>
  <testcase name="method1" time="0.001" classname="testng.FactoryClass"/>
  <system-out/>
</testsuite> <!-- testng.FactoryClass -->
