<?xml version="1.0" encoding="UTF-8"?>
<!-- Generated by org.testng.reporters.JUnitReportReporter -->
<testsuite skipped="0" hostname="DESKTOP-2VC9EF1" name="testng.DataProviderAnnotation1" tests="6" failures="0" timestamp="2022-11-08T20:31:11 IST" time="0.026" errors="0">
  <testcase name="testmethod1" time="0.003" classname="testng.DataProviderAnnotation1"/>
  <system-out/>
  <testcase name="testmethod1" time="0.015" classname="testng.DataProviderAnnotation1"/>
  <system-out/>
  <testcase name="testmethod1" time="0.002" classname="testng.DataProviderAnnotation1"/>
  <system-out/>
  <testcase name="testmethod2" time="0.001" classname="testng.DataProviderAnnotation1"/>
  <system-out/>
  <testcase name="testmethod2" time="0.002" classname="testng.DataProviderAnnotation1"/>
  <system-out/>
  <testcase name="testmethod2" time="0.003" classname="testng.DataProviderAnnotation1"/>
  <system-out/>
</testsuite> <!-- testng.DataProviderAnnotation1 -->
