<?xml version="1.0" encoding="UTF-8"?>
<!-- Generated by org.testng.reporters.JUnitReportReporter -->
<testsuite skipped="0" hostname="DESKTOP-2VC9EF1" name="testng.DataFromExcelFile" tests="3" failures="0" timestamp="2022-11-12T19:33:12 IST" time="0.014" errors="0">
  <testcase name="mehod" time="0.004" classname="testng.DataFromExcelFile"/>
  <system-out/>
  <testcase name="mehod" time="0.008" classname="testng.DataFromExcelFile"/>
  <system-out/>
  <testcase name="mehod" time="0.002" classname="testng.DataFromExcelFile"/>
  <system-out/>
</testsuite> <!-- testng.DataFromExcelFile -->
