<?xml version="1.0" encoding="UTF-8"?>
<!-- Generated by org.testng.reporters.JUnitReportReporter -->
<testsuite skipped="0" hostname="DESKTOP-2VC9EF1" name="testng.ParallelExecutionOfTestMethods" tests="2" failures="0" timestamp="2022-11-13T23:52:13 IST" time="0.019" errors="0">
  <testcase name="method2" time="0.007" classname="testng.ParallelExecutionOfTestMethods"/>
  <system-out/>
  <testcase name="method1" time="0.012" classname="testng.ParallelExecutionOfTestMethods"/>
  <system-out/>
</testsuite> <!-- testng.ParallelExecutionOfTestMethods -->
