<?xml version="1.0" encoding="UTF-8"?>
<!-- Generated by org.testng.reporters.JUnitReportReporter -->
<testsuite skipped="0" hostname="DESKTOP-2VC9EF1" name="practicetestng.InvocationCountAttribute" tests="1" failures="0" timestamp="2022-12-11T19:45:50 IST" time="0.015" errors="0">
  <testcase name="method4" time="0.015" classname="practicetestng.InvocationCountAttribute"/>
  <system-out/>
</testsuite> <!-- practicetestng.InvocationCountAttribute -->
