<?xml version="1.0" encoding="UTF-8"?>
<!-- Generated by org.testng.reporters.JUnitReportReporter -->
<testsuite skipped="0" hostname="DESKTOP-2VC9EF1" name="testng.TestAnnotationAttribute1" tests="1" failures="0" timestamp="2022-11-07T20:44:43 IST" time="0.011" errors="0">
  <testcase name="method" time="0.011" classname="testng.TestAnnotationAttribute1"/>
  <system-out/>
</testsuite> <!-- testng.TestAnnotationAttribute1 -->
