<?xml version="1.0" encoding="UTF-8"?>
<!-- Generated by org.testng.reporters.JUnitReportReporter -->
<testsuite skipped="0" hostname="DESKTOP-2VC9EF1" name="testng.TestAnnotationAttribute3" tests="1" failures="0" timestamp="2022-11-07T21:01:25 IST" time="13.378" errors="0">
  <testcase name="openBrowser" time="13.378" classname="testng.TestAnnotationAttribute3"/>
  <system-out/>
</testsuite> <!-- testng.TestAnnotationAttribute3 -->
