<?xml version="1.0" encoding="UTF-8"?>
<!-- Generated by org.testng.reporters.JUnitReportReporter -->
<testsuite skipped="0" hostname="DESKTOP-2VC9EF1" name="practicetestng.DataProviderTextFile" tests="3" failures="0" timestamp="2022-12-15T19:22:42 IST" time="0.009" errors="0">
  <testcase name="textFileMethod" time="0.007" classname="practicetestng.DataProviderTextFile"/>
  <system-out/>
  <testcase name="textFileMethod" time="0.001" classname="practicetestng.DataProviderTextFile"/>
  <system-out/>
  <testcase name="textFileMethod" time="0.001" classname="practicetestng.DataProviderTextFile"/>
  <system-out/>
</testsuite> <!-- practicetestng.DataProviderTextFile -->
