<?xml version="1.0" encoding="UTF-8"?>
<!-- Generated by org.testng.reporters.JUnitReportReporter -->
<testsuite skipped="0" hostname="DESKTOP-2VC9EF1" name="testng.TestAnnotationAttributeInvocationCount" tests="1" failures="0" timestamp="2022-11-07T21:25:17 IST" time="0.020" errors="0">
  <testcase name="method" time="0.020" classname="testng.TestAnnotationAttributeInvocationCount"/>
  <system-out/>
</testsuite> <!-- testng.TestAnnotationAttributeInvocationCount -->
