<?xml version="1.0" encoding="UTF-8"?>
<!-- Generated by org.testng.reporters.JUnitReportReporter -->
<testsuite skipped="0" hostname="DESKTOP-2VC9EF1" name="practicetestng.DiscriptionAttribute" tests="1" failures="0" timestamp="2022-12-11T19:24:31 IST" time="83.359" errors="0">
  <testcase name="method1" time="83.359" classname="practicetestng.DiscriptionAttribute"/>
  <system-out/>
</testsuite> <!-- practicetestng.DiscriptionAttribute -->
